[debug] [2025-07-22T10:00:47.596Z] ----------------------------------------------------------------------
[debug] [2025-07-22T10:00:47.601Z] Command:       C:\Program Files\nodejs\node.exe C:\Users\Gokul K\AppData\Roaming\npm\node_modules\firebase-tools\lib\bin\firebase.js init
[debug] [2025-07-22T10:00:47.601Z] CLI Version:   14.11.0
[debug] [2025-07-22T10:00:47.602Z] Platform:      win32
[debug] [2025-07-22T10:00:47.602Z] Node Version:  v22.14.0
[debug] [2025-07-22T10:00:47.603Z] Time:          Tue Jul 22 2025 15:30:47 GMT+0530 (India Standard Time)
[debug] [2025-07-22T10:00:47.603Z] ----------------------------------------------------------------------
[debug] 
[debug] [2025-07-22T10:00:47.607Z] >>> [apiv2][query] GET https://firebase-public.firebaseio.com/cli.json [none]
[debug] [2025-07-22T10:00:47.698Z] > command requires scopes: ["email","openid","https://www.googleapis.com/auth/cloudplatformprojects.readonly","https://www.googleapis.com/auth/firebase","https://www.googleapis.com/auth/cloud-platform"]
[debug] [2025-07-22T10:00:47.699Z] > authorizing via signed-in user (gokulinspiring@gmail.com)
[info] 
     ######## #### ########  ######## ########     ###     ######  ########
     ##        ##  ##     ## ##       ##     ##  ##   ##  ##       ##
     ######    ##  ########  ######   ########  #########  ######  ######
     ##        ##  ##    ##  ##       ##     ## ##     ##       ## ##
     ##       #### ##     ## ######## ########  ##     ##  ######  ########

You're about to initialize a Firebase project in this directory:

  C:\Users\Gokul K\OneDrive\Desktop\mintflow\backend

[debug] [2025-07-22T10:00:48.393Z] <<< [apiv2][status] GET https://firebase-public.firebaseio.com/cli.json 200
[debug] [2025-07-22T10:00:48.393Z] <<< [apiv2][body] GET https://firebase-public.firebaseio.com/cli.json {"cloudBuildErrorAfter":1594252800000,"cloudBuildWarnAfter":1590019200000,"defaultNode10After":1594252800000,"minVersion":"3.0.5","node8DeploysDisabledAfter":1613390400000,"node8RuntimeDisabledAfter":1615809600000,"node8WarnAfter":1600128000000}
